<?xml version="1.0" encoding="UTF-8"?>
<testng-results ignored="0" total="5" passed="4" failed="1" skipped="0">
  <reporter-output>
  </reporter-output>
  <suite started-at="2023-06-16T07:45:24 AST" name="regression" finished-at="2023-06-16T07:45:48 AST" duration-ms="24000">
    <groups>
    </groups>
    <test started-at="2023-06-16T07:45:24 AST" name="Trail" finished-at="2023-06-16T07:45:48 AST" duration-ms="24000">
      <class name="tests.Contacttest">
        <test-method is-config="true" signature="openurl(java.lang.String)[pri:0, instance:tests.Contacttest@57d7f8ca]" started-at="2023-06-16T07:45:41 AST" name="openurl" finished-at="2023-06-16T07:45:43 AST" duration-ms="2412" status="PASS">
          <params>
            <param index="0">
              <value>
                <![CDATA[chrome]]>
              </value>
            </param>
          </params>
          <reporter-output>
          </reporter-output>
        </test-method> <!-- openurl -->
        <test-method signature="usertestcon()[pri:0, instance:tests.Contacttest@57d7f8ca]" started-at="2023-06-16T07:45:43 AST" name="usertestcon" finished-at="2023-06-16T07:45:44 AST" duration-ms="1044" status="PASS">
          <reporter-output>
          </reporter-output>
        </test-method> <!-- usertestcon -->
        <test-method is-config="true" signature="usertakescreen(org.testng.ITestResult)[pri:0, instance:tests.Contacttest@57d7f8ca]" started-at="2023-06-16T07:45:44 AST" name="usertakescreen" finished-at="2023-06-16T07:45:44 AST" duration-ms="0" status="PASS">
          <params>
            <param index="0">
              <value>
                <![CDATA[[TestResult name=usertestcon status=SUCCESS method=Contacttest.usertestcon()[pri:0, instance:tests.Contacttest@57d7f8ca] output={null}]]]>
              </value>
            </param>
          </params>
          <reporter-output>
          </reporter-output>
        </test-method> <!-- usertakescreen -->
        <test-method is-config="true" signature="usercloseurl()[pri:0, instance:tests.Contacttest@57d7f8ca]" started-at="2023-06-16T07:45:44 AST" name="usercloseurl" finished-at="2023-06-16T07:45:44 AST" duration-ms="84" status="PASS">
          <reporter-output>
          </reporter-output>
        </test-method> <!-- usercloseurl -->
      </class> <!-- tests.Contacttest -->
      <class name="tests.Searchtest">
        <test-method is-config="true" signature="openurl(java.lang.String)[pri:0, instance:tests.Searchtest@4a7f959b]" started-at="2023-06-16T07:45:24 AST" name="openurl" finished-at="2023-06-16T07:45:27 AST" duration-ms="3116" status="PASS">
          <params>
            <param index="0">
              <value>
                <![CDATA[chrome]]>
              </value>
            </param>
          </params>
          <reporter-output>
          </reporter-output>
        </test-method> <!-- openurl -->
        <test-method signature="usersearchtest()[pri:0, instance:tests.Searchtest@4a7f959b]" started-at="2023-06-16T07:45:27 AST" name="usersearchtest" finished-at="2023-06-16T07:45:28 AST" duration-ms="1251" status="PASS">
          <reporter-output>
          </reporter-output>
        </test-method> <!-- usersearchtest -->
        <test-method is-config="true" signature="usertakescreen(org.testng.ITestResult)[pri:0, instance:tests.Searchtest@4a7f959b]" started-at="2023-06-16T07:45:28 AST" name="usertakescreen" finished-at="2023-06-16T07:45:28 AST" duration-ms="0" status="PASS">
          <params>
            <param index="0">
              <value>
                <![CDATA[[TestResult name=usersearchtest status=SUCCESS method=Searchtest.usersearchtest()[pri:0, instance:tests.Searchtest@4a7f959b] output={null}]]]>
              </value>
            </param>
          </params>
          <reporter-output>
          </reporter-output>
        </test-method> <!-- usertakescreen -->
        <test-method is-config="true" signature="usercloseurl()[pri:0, instance:tests.Searchtest@4a7f959b]" started-at="2023-06-16T07:45:28 AST" name="usercloseurl" finished-at="2023-06-16T07:45:28 AST" duration-ms="90" status="PASS">
          <reporter-output>
          </reporter-output>
        </test-method> <!-- usercloseurl -->
      </class> <!-- tests.Searchtest -->
      <class name="tests.Search2test">
        <test-method is-config="true" signature="openurl(java.lang.String)[pri:0, instance:tests.Search2test@581ac8a8]" started-at="2023-06-16T07:45:28 AST" name="openurl" finished-at="2023-06-16T07:45:31 AST" duration-ms="2376" status="PASS">
          <params>
            <param index="0">
              <value>
                <![CDATA[chrome]]>
              </value>
            </param>
          </params>
          <reporter-output>
          </reporter-output>
        </test-method> <!-- openurl -->
        <test-method signature="usersearch2()[pri:0, instance:tests.Search2test@581ac8a8]" started-at="2023-06-16T07:45:31 AST" name="usersearch2" finished-at="2023-06-16T07:45:35 AST" duration-ms="3902" status="PASS">
          <reporter-output>
          </reporter-output>
        </test-method> <!-- usersearch2 -->
        <test-method is-config="true" signature="usercloseurl()[pri:0, instance:tests.Search2test@581ac8a8]" started-at="2023-06-16T07:45:35 AST" name="usercloseurl" finished-at="2023-06-16T07:45:35 AST" duration-ms="76" status="PASS">
          <reporter-output>
          </reporter-output>
        </test-method> <!-- usercloseurl -->
        <test-method is-config="true" signature="usertakescreen(org.testng.ITestResult)[pri:0, instance:tests.Search2test@581ac8a8]" started-at="2023-06-16T07:45:35 AST" name="usertakescreen" finished-at="2023-06-16T07:45:35 AST" duration-ms="0" status="PASS">
          <params>
            <param index="0">
              <value>
                <![CDATA[[TestResult name=usersearch2 status=SUCCESS method=Search2test.usersearch2()[pri:0, instance:tests.Search2test@581ac8a8] output={null}]]]>
              </value>
            </param>
          </params>
          <reporter-output>
          </reporter-output>
        </test-method> <!-- usertakescreen -->
      </class> <!-- tests.Search2test -->
      <class name="tests.Addtocarttest">
        <test-method is-config="true" signature="openurl(java.lang.String)[pri:0, instance:tests.Addtocarttest@6d4e5011]" started-at="2023-06-16T07:45:35 AST" name="openurl" finished-at="2023-06-16T07:45:37 AST" duration-ms="2460" status="PASS">
          <params>
            <param index="0">
              <value>
                <![CDATA[chrome]]>
              </value>
            </param>
          </params>
          <reporter-output>
          </reporter-output>
        </test-method> <!-- openurl -->
        <test-method signature="useraddcarttest()[pri:0, instance:tests.Addtocarttest@6d4e5011]" started-at="2023-06-16T07:45:37 AST" name="useraddcarttest" finished-at="2023-06-16T07:45:41 AST" duration-ms="3588" status="FAIL">
          <exception class="org.openqa.selenium.NoSuchElementException">
            <message>
              <![CDATA[no such element: Unable to locate element: {"method":"link text","selector":"Samsung Series 9 NP900X4C Premium Ultrabook"}
  (Session info: chrome=114.0.5735.134)
For documentation on this error, please visit: https://www.selenium.dev/documentation/webdriver/troubleshooting/errors#no-such-element-exception
Build info: version: '4.10.0', revision: 'c14d967899'
System info: os.name: 'Windows 10', os.arch: 'amd64', os.version: '10.0', java.version: '11.0.13'
Driver info: org.openqa.selenium.chrome.ChromeDriver
Command: [7b210997158237d64017e3c56f489231, findElement {using=link text, value=Samsung Series 9 NP900X4C Premium Ultrabook}]
Capabilities {acceptInsecureCerts: false, browserName: chrome, browserVersion: 114.0.5735.134, chrome: {chromedriverVersion: 114.0.5735.16 (7e1ff058633f..., userDataDir: C:\Users\ALAA~1.ELD\AppData...}, goog:chromeOptions: {debuggerAddress: localhost:64177}, networkConnectionEnabled: false, pageLoadStrategy: normal, platformName: windows, proxy: Proxy(), se:cdp: ws://localhost:64177/devtoo..., se:cdpVersion: 114.0.5735.134, setWindowRect: true, strictFileInteractability: false, timeouts: {implicit: 0, pageLoad: 300000, script: 30000}, unhandledPromptBehavior: dismiss and notify, webauthn:extension:credBlob: true, webauthn:extension:largeBlob: true, webauthn:extension:minPinLength: true, webauthn:extension:prf: true, webauthn:virtualAuthenticators: true}
Session ID: 7b210997158237d64017e3c56f489231]]>
            </message>
            <full-stacktrace>
              <![CDATA[org.openqa.selenium.NoSuchElementException: no such element: Unable to locate element: {"method":"link text","selector":"Samsung Series 9 NP900X4C Premium Ultrabook"}
  (Session info: chrome=114.0.5735.134)
For documentation on this error, please visit: https://www.selenium.dev/documentation/webdriver/troubleshooting/errors#no-such-element-exception
Build info: version: '4.10.0', revision: 'c14d967899'
System info: os.name: 'Windows 10', os.arch: 'amd64', os.version: '10.0', java.version: '11.0.13'
Driver info: org.openqa.selenium.chrome.ChromeDriver
Command: [7b210997158237d64017e3c56f489231, findElement {using=link text, value=Samsung Series 9 NP900X4C Premium Ultrabook}]
Capabilities {acceptInsecureCerts: false, browserName: chrome, browserVersion: 114.0.5735.134, chrome: {chromedriverVersion: 114.0.5735.16 (7e1ff058633f..., userDataDir: C:\Users\ALAA~1.ELD\AppData...}, goog:chromeOptions: {debuggerAddress: localhost:64177}, networkConnectionEnabled: false, pageLoadStrategy: normal, platformName: windows, proxy: Proxy(), se:cdp: ws://localhost:64177/devtoo..., se:cdpVersion: 114.0.5735.134, setWindowRect: true, strictFileInteractability: false, timeouts: {implicit: 0, pageLoad: 300000, script: 30000}, unhandledPromptBehavior: dismiss and notify, webauthn:extension:credBlob: true, webauthn:extension:largeBlob: true, webauthn:extension:minPinLength: true, webauthn:extension:prf: true, webauthn:virtualAuthenticators: true}
Session ID: 7b210997158237d64017e3c56f489231
at java.base/jdk.internal.reflect.NativeConstructorAccessorImpl.newInstance0(Native Method)
at java.base/jdk.internal.reflect.NativeConstructorAccessorImpl.newInstance(NativeConstructorAccessorImpl.java:62)
at java.base/jdk.internal.reflect.DelegatingConstructorAccessorImpl.newInstance(DelegatingConstructorAccessorImpl.java:45)
at java.base/java.lang.reflect.Constructor.newInstance(Constructor.java:490)
at org.openqa.selenium.remote.codec.w3c.W3CHttpResponseCodec.createException(W3CHttpResponseCodec.java:199)
at org.openqa.selenium.remote.codec.w3c.W3CHttpResponseCodec.decode(W3CHttpResponseCodec.java:132)
at org.openqa.selenium.remote.codec.w3c.W3CHttpResponseCodec.decode(W3CHttpResponseCodec.java:51)
at org.openqa.selenium.remote.HttpCommandExecutor.execute(HttpCommandExecutor.java:191)
at org.openqa.selenium.remote.service.DriverCommandExecutor.invokeExecute(DriverCommandExecutor.java:196)
at org.openqa.selenium.remote.service.DriverCommandExecutor.execute(DriverCommandExecutor.java:171)
at org.openqa.selenium.remote.RemoteWebDriver.execute(RemoteWebDriver.java:531)
at org.openqa.selenium.remote.ElementLocation$ElementFinder$2.findElement(ElementLocation.java:165)
at org.openqa.selenium.remote.ElementLocation.findElement(ElementLocation.java:59)
at org.openqa.selenium.remote.RemoteWebDriver.findElement(RemoteWebDriver.java:350)
at org.openqa.selenium.remote.RemoteWebDriver.findElement(RemoteWebDriver.java:344)
at org.openqa.selenium.support.pagefactory.DefaultElementLocator.findElement(DefaultElementLocator.java:68)
at org.openqa.selenium.support.pagefactory.internal.LocatingElementHandler.invoke(LocatingElementHandler.java:38)
at com.sun.proxy.$Proxy15.getText(Unknown Source)
at tests.Addtocarttest.useraddcarttest(Addtocarttest.java:31)
at java.base/jdk.internal.reflect.NativeMethodAccessorImpl.invoke0(Native Method)
at java.base/jdk.internal.reflect.NativeMethodAccessorImpl.invoke(NativeMethodAccessorImpl.java:62)
at java.base/jdk.internal.reflect.DelegatingMethodAccessorImpl.invoke(DelegatingMethodAccessorImpl.java:43)
at java.base/java.lang.reflect.Method.invoke(Method.java:566)
at org.testng.internal.invokers.MethodInvocationHelper.invokeMethod(MethodInvocationHelper.java:139)
at org.testng.internal.invokers.TestInvoker.invokeMethod(TestInvoker.java:677)
at org.testng.internal.invokers.TestInvoker.invokeTestMethod(TestInvoker.java:221)
at org.testng.internal.invokers.MethodRunner.runInSequence(MethodRunner.java:50)
at org.testng.internal.invokers.TestInvoker$MethodInvocationAgent.invoke(TestInvoker.java:962)
at org.testng.internal.invokers.TestInvoker.invokeTestMethods(TestInvoker.java:194)
at org.testng.internal.invokers.TestMethodWorker.invokeTestMethods(TestMethodWorker.java:148)
at org.testng.internal.invokers.TestMethodWorker.run(TestMethodWorker.java:128)
at java.base/java.util.ArrayList.forEach(ArrayList.java:1541)
at org.testng.TestRunner.privateRun(TestRunner.java:806)
at org.testng.TestRunner.run(TestRunner.java:601)
at org.testng.SuiteRunner.runTest(SuiteRunner.java:433)
at org.testng.SuiteRunner.runSequentially(SuiteRunner.java:427)
at org.testng.SuiteRunner.privateRun(SuiteRunner.java:387)
at org.testng.SuiteRunner.run(SuiteRunner.java:330)
at org.testng.SuiteRunnerWorker.runSuite(SuiteRunnerWorker.java:52)
at org.testng.SuiteRunnerWorker.run(SuiteRunnerWorker.java:95)
at org.testng.TestNG.runSuitesSequentially(TestNG.java:1256)
at org.testng.TestNG.runSuitesLocally(TestNG.java:1176)
at org.testng.TestNG.runSuites(TestNG.java:1099)
at org.testng.TestNG.run(TestNG.java:1067)
at org.apache.maven.surefire.testng.TestNGExecutor.run(TestNGExecutor.java:178)
at org.apache.maven.surefire.testng.TestNGXmlTestSuite.execute(TestNGXmlTestSuite.java:92)
at org.apache.maven.surefire.testng.TestNGProvider.invoke(TestNGProvider.java:96)
at java.base/jdk.internal.reflect.NativeMethodAccessorImpl.invoke0(Native Method)
at java.base/jdk.internal.reflect.NativeMethodAccessorImpl.invoke(NativeMethodAccessorImpl.java:62)
at java.base/jdk.internal.reflect.DelegatingMethodAccessorImpl.invoke(DelegatingMethodAccessorImpl.java:43)
at java.base/java.lang.reflect.Method.invoke(Method.java:566)
at org.apache.maven.surefire.util.ReflectionUtils.invokeMethodWithArray(ReflectionUtils.java:189)
at org.apache.maven.surefire.booter.ProviderFactory$ProviderProxy.invoke(ProviderFactory.java:165)
at org.apache.maven.surefire.booter.ProviderFactory.invokeProvider(ProviderFactory.java:85)
at org.apache.maven.surefire.booter.ForkedBooter.runSuitesInProcess(ForkedBooter.java:115)
at org.apache.maven.surefire.booter.ForkedBooter.main(ForkedBooter.java:75)
]]>
            </full-stacktrace>
          </exception> <!-- org.openqa.selenium.NoSuchElementException -->
          <reporter-output>
          </reporter-output>
        </test-method> <!-- useraddcarttest -->
        <test-method is-config="true" signature="usertakescreen(org.testng.ITestResult)[pri:0, instance:tests.Addtocarttest@6d4e5011]" started-at="2023-06-16T07:45:41 AST" name="usertakescreen" finished-at="2023-06-16T07:45:41 AST" duration-ms="184" status="PASS">
          <params>
            <param index="0">
              <value>
                <![CDATA[[TestResult name=useraddcarttest status=FAILURE method=Addtocarttest.useraddcarttest()[pri:0, instance:tests.Addtocarttest@6d4e5011] output={null}]]]>
              </value>
            </param>
          </params>
          <reporter-output>
          </reporter-output>
        </test-method> <!-- usertakescreen -->
        <test-method is-config="true" signature="usercloseurl()[pri:0, instance:tests.Addtocarttest@6d4e5011]" started-at="2023-06-16T07:45:41 AST" name="usercloseurl" finished-at="2023-06-16T07:45:41 AST" duration-ms="84" status="PASS">
          <reporter-output>
          </reporter-output>
        </test-method> <!-- usercloseurl -->
      </class> <!-- tests.Addtocarttest -->
      <class name="tests.Hovertest">
        <test-method is-config="true" signature="openurl(java.lang.String)[pri:0, instance:tests.Hovertest@76c3e77a]" started-at="2023-06-16T07:45:44 AST" name="openurl" finished-at="2023-06-16T07:45:47 AST" duration-ms="2302" status="PASS">
          <params>
            <param index="0">
              <value>
                <![CDATA[chrome]]>
              </value>
            </param>
          </params>
          <reporter-output>
          </reporter-output>
        </test-method> <!-- openurl -->
        <test-method signature="userhovertest()[pri:0, instance:tests.Hovertest@76c3e77a]" started-at="2023-06-16T07:45:47 AST" name="userhovertest" finished-at="2023-06-16T07:45:48 AST" duration-ms="884" status="PASS">
          <reporter-output>
          </reporter-output>
        </test-method> <!-- userhovertest -->
        <test-method is-config="true" signature="usercloseurl()[pri:0, instance:tests.Hovertest@76c3e77a]" started-at="2023-06-16T07:45:48 AST" name="usercloseurl" finished-at="2023-06-16T07:45:48 AST" duration-ms="94" status="PASS">
          <reporter-output>
          </reporter-output>
        </test-method> <!-- usercloseurl -->
        <test-method is-config="true" signature="usertakescreen(org.testng.ITestResult)[pri:0, instance:tests.Hovertest@76c3e77a]" started-at="2023-06-16T07:45:48 AST" name="usertakescreen" finished-at="2023-06-16T07:45:48 AST" duration-ms="0" status="PASS">
          <params>
            <param index="0">
              <value>
                <![CDATA[[TestResult name=userhovertest status=SUCCESS method=Hovertest.userhovertest()[pri:0, instance:tests.Hovertest@76c3e77a] output={null}]]]>
              </value>
            </param>
          </params>
          <reporter-output>
          </reporter-output>
        </test-method> <!-- usertakescreen -->
      </class> <!-- tests.Hovertest -->
    </test> <!-- Trail -->
  </suite> <!-- regression -->
</testng-results>
